CRITICAL - 2022-07-03 05:00:23 --> Undefined variable $posts
in APPPATH\Views\input.php on line 126.
 1 APPPATH\Views\input.php(126): CodeIgniter\Debug\Exceptions->errorHandler(2, 'Undefined variable $posts', 'APPPATH\\Views\\input.php', 126)
 2 SYSTEMPATH\View\View.php(213): include('APPPATH\\Views\\input.php')
 3 SYSTEMPATH\View\View.php(216): CodeIgniter\View\View->CodeIgniter\View\{closure}()
 4 SYSTEMPATH\Common.php(1135): CodeIgniter\View\View->render('input', [], true)
 5 APPPATH\Controllers\Home.php(13): view('input')
 6 SYSTEMPATH\CodeIgniter.php(896): App\Controllers\Home->input()
 7 SYSTEMPATH\CodeIgniter.php(466): CodeIgniter\CodeIgniter->runController(Object(App\Controllers\Home))
 8 SYSTEMPATH\CodeIgniter.php(349): CodeIgniter\CodeIgniter->handleRequest(null, Object(Config\Cache), false)
 9 FCPATH\index.php(55): CodeIgniter\CodeIgniter->run()
10 SYSTEMPATH\Commands\Server\rewrite.php(43): require_once('FCPATH\\index.php')
CRITICAL - 2022-07-03 05:05:52 --> Undefined variable $posts
in APPPATH\Views\input.php on line 126.
 1 APPPATH\Views\input.php(126): CodeIgniter\Debug\Exceptions->errorHandler(2, 'Undefined variable $posts', 'APPPATH\\Views\\input.php', 126)
 2 SYSTEMPATH\View\View.php(213): include('APPPATH\\Views\\input.php')
 3 SYSTEMPATH\View\View.php(216): CodeIgniter\View\View->CodeIgniter\View\{closure}()
 4 SYSTEMPATH\Common.php(1135): CodeIgniter\View\View->render('input', [], true)
 5 APPPATH\Controllers\Home.php(13): view('input')
 6 SYSTEMPATH\CodeIgniter.php(896): App\Controllers\Home->input()
 7 SYSTEMPATH\CodeIgniter.php(466): CodeIgniter\CodeIgniter->runController(Object(App\Controllers\Home))
 8 SYSTEMPATH\CodeIgniter.php(349): CodeIgniter\CodeIgniter->handleRequest(null, Object(Config\Cache), false)
 9 FCPATH\index.php(55): CodeIgniter\CodeIgniter->run()
10 SYSTEMPATH\Commands\Server\rewrite.php(43): require_once('FCPATH\\index.php')
CRITICAL - 2022-07-03 05:55:08 --> Undefined variable $posts
in APPPATH\Views\input.php on line 126.
 1 APPPATH\Views\input.php(126): CodeIgniter\Debug\Exceptions->errorHandler(2, 'Undefined variable $posts', 'APPPATH\\Views\\input.php', 126)
 2 SYSTEMPATH\View\View.php(213): include('APPPATH\\Views\\input.php')
 3 SYSTEMPATH\View\View.php(216): CodeIgniter\View\View->CodeIgniter\View\{closure}()
 4 SYSTEMPATH\Common.php(1135): CodeIgniter\View\View->render('input', [], true)
 5 APPPATH\Controllers\Home.php(13): view('input')
 6 SYSTEMPATH\CodeIgniter.php(896): App\Controllers\Home->input()
 7 SYSTEMPATH\CodeIgniter.php(466): CodeIgniter\CodeIgniter->runController(Object(App\Controllers\Home))
 8 SYSTEMPATH\CodeIgniter.php(349): CodeIgniter\CodeIgniter->handleRequest(null, Object(Config\Cache), false)
 9 FCPATH\index.php(55): CodeIgniter\CodeIgniter->run()
10 SYSTEMPATH\Commands\Server\rewrite.php(43): require_once('FCPATH\\index.php')
CRITICAL - 2022-07-03 05:56:49 --> Undefined variable $perizinan
in APPPATH\Views\input.php on line 126.
 1 APPPATH\Views\input.php(126): CodeIgniter\Debug\Exceptions->errorHandler(2, 'Undefined variable $perizinan', 'APPPATH\\Views\\input.php', 126)
 2 SYSTEMPATH\View\View.php(213): include('APPPATH\\Views\\input.php')
 3 SYSTEMPATH\View\View.php(216): CodeIgniter\View\View->CodeIgniter\View\{closure}()
 4 SYSTEMPATH\Common.php(1135): CodeIgniter\View\View->render('input', [], true)
 5 APPPATH\Controllers\Home.php(13): view('input')
 6 SYSTEMPATH\CodeIgniter.php(896): App\Controllers\Home->input()
 7 SYSTEMPATH\CodeIgniter.php(466): CodeIgniter\CodeIgniter->runController(Object(App\Controllers\Home))
 8 SYSTEMPATH\CodeIgniter.php(349): CodeIgniter\CodeIgniter->handleRequest(null, Object(Config\Cache), false)
 9 FCPATH\index.php(55): CodeIgniter\CodeIgniter->run()
10 SYSTEMPATH\Commands\Server\rewrite.php(43): require_once('FCPATH\\index.php')
CRITICAL - 2022-07-03 06:19:28 --> Undefined variable $perizinan
in APPPATH\Views\input.php on line 126.
 1 APPPATH\Views\input.php(126): CodeIgniter\Debug\Exceptions->errorHandler(2, 'Undefined variable $perizinan', 'APPPATH\\Views\\input.php', 126)
 2 SYSTEMPATH\View\View.php(213): include('APPPATH\\Views\\input.php')
 3 SYSTEMPATH\View\View.php(216): CodeIgniter\View\View->CodeIgniter\View\{closure}()
 4 SYSTEMPATH\Common.php(1135): CodeIgniter\View\View->render('input', [], true)
 5 APPPATH\Controllers\Home.php(13): view('input')
 6 SYSTEMPATH\CodeIgniter.php(896): App\Controllers\Home->input()
 7 SYSTEMPATH\CodeIgniter.php(466): CodeIgniter\CodeIgniter->runController(Object(App\Controllers\Home))
 8 SYSTEMPATH\CodeIgniter.php(349): CodeIgniter\CodeIgniter->handleRequest(null, Object(Config\Cache), false)
 9 FCPATH\index.php(55): CodeIgniter\CodeIgniter->run()
10 SYSTEMPATH\Commands\Server\rewrite.php(43): require_once('FCPATH\\index.php')
CRITICAL - 2022-07-03 06:20:42 --> Undefined variable $jenis_perizinan
in APPPATH\Views\input.php on line 126.
 1 APPPATH\Views\input.php(126): CodeIgniter\Debug\Exceptions->errorHandler(2, 'Undefined variable $jenis_perizinan', 'APPPATH\\Views\\input.php', 126)
 2 SYSTEMPATH\View\View.php(213): include('APPPATH\\Views\\input.php')
 3 SYSTEMPATH\View\View.php(216): CodeIgniter\View\View->CodeIgniter\View\{closure}()
 4 SYSTEMPATH\Common.php(1135): CodeIgniter\View\View->render('input', [], true)
 5 APPPATH\Controllers\Home.php(13): view('input')
 6 SYSTEMPATH\CodeIgniter.php(896): App\Controllers\Home->input()
 7 SYSTEMPATH\CodeIgniter.php(466): CodeIgniter\CodeIgniter->runController(Object(App\Controllers\Home))
 8 SYSTEMPATH\CodeIgniter.php(349): CodeIgniter\CodeIgniter->handleRequest(null, Object(Config\Cache), false)
 9 FCPATH\index.php(55): CodeIgniter\CodeIgniter->run()
10 SYSTEMPATH\Commands\Server\rewrite.php(43): require_once('FCPATH\\index.php')
CRITICAL - 2022-07-03 06:23:12 --> Undefined variable $jenis_perizinan
in APPPATH\Views\input.php on line 126.
 1 APPPATH\Views\input.php(126): CodeIgniter\Debug\Exceptions->errorHandler(2, 'Undefined variable $jenis_perizinan', 'APPPATH\\Views\\input.php', 126)
 2 SYSTEMPATH\View\View.php(213): include('APPPATH\\Views\\input.php')
 3 SYSTEMPATH\View\View.php(216): CodeIgniter\View\View->CodeIgniter\View\{closure}()
 4 SYSTEMPATH\Common.php(1135): CodeIgniter\View\View->render('input', [], true)
 5 APPPATH\Controllers\Home.php(13): view('input')
 6 SYSTEMPATH\CodeIgniter.php(896): App\Controllers\Home->input()
 7 SYSTEMPATH\CodeIgniter.php(466): CodeIgniter\CodeIgniter->runController(Object(App\Controllers\Home))
 8 SYSTEMPATH\CodeIgniter.php(349): CodeIgniter\CodeIgniter->handleRequest(null, Object(Config\Cache), false)
 9 FCPATH\index.php(55): CodeIgniter\CodeIgniter->run()
10 SYSTEMPATH\Commands\Server\rewrite.php(43): require_once('FCPATH\\index.php')
CRITICAL - 2022-07-03 06:25:08 --> Undefined variable $jenis_perizinan
in APPPATH\Views\input.php on line 126.
 1 APPPATH\Views\input.php(126): CodeIgniter\Debug\Exceptions->errorHandler(2, 'Undefined variable $jenis_perizinan', 'APPPATH\\Views\\input.php', 126)
 2 SYSTEMPATH\View\View.php(213): include('APPPATH\\Views\\input.php')
 3 SYSTEMPATH\View\View.php(216): CodeIgniter\View\View->CodeIgniter\View\{closure}()
 4 SYSTEMPATH\Common.php(1135): CodeIgniter\View\View->render('input', [], true)
 5 APPPATH\Controllers\Home.php(13): view('input')
 6 SYSTEMPATH\CodeIgniter.php(896): App\Controllers\Home->input()
 7 SYSTEMPATH\CodeIgniter.php(466): CodeIgniter\CodeIgniter->runController(Object(App\Controllers\Home))
 8 SYSTEMPATH\CodeIgniter.php(349): CodeIgniter\CodeIgniter->handleRequest(null, Object(Config\Cache), false)
 9 FCPATH\index.php(55): CodeIgniter\CodeIgniter->run()
10 SYSTEMPATH\Commands\Server\rewrite.php(43): require_once('FCPATH\\index.php')
